{"/Users/dromologue/code/workflowy-mcp-server/src/api/dropbox.ts": {"path":"/Users/dromologue/code/workflowy-mcp-server/src/api/dropbox.ts","statementMap":{"0":{"start":{"line":13,"column":40},"end":{"line":13,"column":null}},"1":{"start":{"line":14,"column":33},"end":{"line":14,"column":null}},"2":{"start":{"line":20,"column":2},"end":{"line":20,"column":null}},"3":{"start":{"line":27,"column":2},"end":{"line":29,"column":null}},"4":{"start":{"line":28,"column":4},"end":{"line":28,"column":null}},"5":{"start":{"line":32,"column":2},"end":{"line":34,"column":null}},"6":{"start":{"line":33,"column":4},"end":{"line":33,"column":null}},"7":{"start":{"line":36,"column":2},"end":{"line":60,"column":null}},"8":{"start":{"line":37,"column":21},"end":{"line":48,"column":null}},"9":{"start":{"line":50,"column":4},"end":{"line":52,"column":null}},"10":{"start":{"line":51,"column":6},"end":{"line":51,"column":null}},"11":{"start":{"line":54,"column":18},"end":{"line":54,"column":null}},"12":{"start":{"line":55,"column":4},"end":{"line":55,"column":null}},"13":{"start":{"line":56,"column":4},"end":{"line":56,"column":null}},"14":{"start":{"line":57,"column":4},"end":{"line":57,"column":null}},"15":{"start":{"line":59,"column":4},"end":{"line":59,"column":null}},"16":{"start":{"line":70,"column":22},"end":{"line":70,"column":null}},"17":{"start":{"line":72,"column":2},"end":{"line":78,"column":null}},"18":{"start":{"line":73,"column":4},"end":{"line":77,"column":null}},"19":{"start":{"line":80,"column":2},"end":{"line":160,"column":null}},"20":{"start":{"line":81,"column":23},"end":{"line":81,"column":null}},"21":{"start":{"line":84,"column":27},"end":{"line":99,"column":null}},"22":{"start":{"line":101,"column":4},"end":{"line":104,"column":null}},"23":{"start":{"line":102,"column":24},"end":{"line":102,"column":null}},"24":{"start":{"line":103,"column":6},"end":{"line":103,"column":null}},"25":{"start":{"line":107,"column":26},"end":{"line":120,"column":null}},"26":{"start":{"line":124,"column":4},"end":{"line":152,"column":null}},"27":{"start":{"line":125,"column":25},"end":{"line":125,"column":null}},"28":{"start":{"line":126,"column":6},"end":{"line":126,"column":null}},"29":{"start":{"line":129,"column":26},"end":{"line":139,"column":null}},"30":{"start":{"line":141,"column":6},"end":{"line":143,"column":null}},"31":{"start":{"line":142,"column":8},"end":{"line":142,"column":null}},"32":{"start":{"line":145,"column":25},"end":{"line":145,"column":null}},"33":{"start":{"line":148,"column":6},"end":{"line":150,"column":null}},"34":{"start":{"line":149,"column":8},"end":{"line":149,"column":null}},"35":{"start":{"line":151,"column":6},"end":{"line":151,"column":null}},"36":{"start":{"line":154,"column":4},"end":{"line":154,"column":null}},"37":{"start":{"line":156,"column":4},"end":{"line":159,"column":null}}},"fnMap":{"0":{"name":"isDropboxConfigured","decl":{"start":{"line":19,"column":16},"end":{"line":19,"column":47}},"loc":{"start":{"line":19,"column":47},"end":{"line":21,"column":null}},"line":19},"1":{"name":"getDropboxAccessToken","decl":{"start":{"line":26,"column":22},"end":{"line":26,"column":70}},"loc":{"start":{"line":26,"column":70},"end":{"line":61,"column":null}},"line":26},"2":{"name":"uploadToDropbox","decl":{"start":{"line":66,"column":22},"end":{"line":66,"column":null}},"loc":{"start":{"line":69,"column":32},"end":{"line":161,"column":null}},"line":69}},"branchMap":{"0":{"loc":{"start":{"line":20,"column":12},"end":{"line":20,"column":null}},"type":"binary-expr","locations":[{"start":{"line":20,"column":12},"end":{"line":20,"column":31}},{"start":{"line":20,"column":31},"end":{"line":20,"column":53}},{"start":{"line":20,"column":53},"end":{"line":20,"column":null}}],"line":20},"1":{"loc":{"start":{"line":27,"column":2},"end":{"line":29,"column":null}},"type":"if","locations":[{"start":{"line":27,"column":2},"end":{"line":29,"column":null}},{"start":{},"end":{}}],"line":27},"2":{"loc":{"start":{"line":32,"column":2},"end":{"line":34,"column":null}},"type":"if","locations":[{"start":{"line":32,"column":2},"end":{"line":34,"column":null}},{"start":{},"end":{}}],"line":32},"3":{"loc":{"start":{"line":32,"column":6},"end":{"line":32,"column":70}},"type":"binary-expr","locations":[{"start":{"line":32,"column":6},"end":{"line":32,"column":28}},{"start":{"line":32,"column":28},"end":{"line":32,"column":70}}],"line":32},"4":{"loc":{"start":{"line":50,"column":4},"end":{"line":52,"column":null}},"type":"if","locations":[{"start":{"line":50,"column":4},"end":{"line":52,"column":null}},{"start":{},"end":{}}],"line":50},"5":{"loc":{"start":{"line":72,"column":2},"end":{"line":78,"column":null}},"type":"if","locations":[{"start":{"line":72,"column":2},"end":{"line":78,"column":null}},{"start":{},"end":{}}],"line":72},"6":{"loc":{"start":{"line":101,"column":4},"end":{"line":104,"column":null}},"type":"if","locations":[{"start":{"line":101,"column":4},"end":{"line":104,"column":null}},{"start":{},"end":{}}],"line":101},"7":{"loc":{"start":{"line":124,"column":4},"end":{"line":152,"column":null}},"type":"if","locations":[{"start":{"line":124,"column":4},"end":{"line":152,"column":null}},{"start":{"line":127,"column":11},"end":{"line":152,"column":null}}],"line":124},"8":{"loc":{"start":{"line":141,"column":6},"end":{"line":143,"column":null}},"type":"if","locations":[{"start":{"line":141,"column":6},"end":{"line":143,"column":null}},{"start":{},"end":{}}],"line":141},"9":{"loc":{"start":{"line":148,"column":6},"end":{"line":150,"column":null}},"type":"if","locations":[{"start":{"line":148,"column":6},"end":{"line":150,"column":null}},{"start":{},"end":{}}],"line":148},"10":{"loc":{"start":{"line":158,"column":31},"end":{"line":158,"column":79}},"type":"cond-expr","locations":[{"start":{"line":158,"column":54},"end":{"line":158,"column":68}},{"start":{"line":158,"column":68},"end":{"line":158,"column":79}}],"line":158}},"s":{"0":0,"1":0,"2":0,"3":0,"4":0,"5":0,"6":0,"7":0,"8":0,"9":0,"10":0,"11":0,"12":0,"13":0,"14":0,"15":0,"16":0,"17":0,"18":0,"19":0,"20":0,"21":0,"22":0,"23":0,"24":0,"25":0,"26":0,"27":0,"28":0,"29":0,"30":0,"31":0,"32":0,"33":0,"34":0,"35":0,"36":0,"37":0},"f":{"0":0,"1":0,"2":0},"b":{"0":[0,0,0],"1":[0,0],"2":[0,0],"3":[0,0],"4":[0,0],"5":[0,0],"6":[0,0],"7":[0,0],"8":[0,0],"9":[0,0],"10":[0,0]},"meta":{"lastBranch":11,"lastFunction":3,"lastStatement":38,"seen":{"s:13:40:13:Infinity":0,"s:14:33:14:Infinity":1,"f:19:16:19:47":0,"s:20:2:20:Infinity":2,"b:20:12:20:31:20:31:20:53:20:53:20:Infinity":0,"f:26:22:26:70":1,"b:27:2:29:Infinity:undefined:undefined:undefined:undefined":1,"s:27:2:29:Infinity":3,"s:28:4:28:Infinity":4,"b:32:2:34:Infinity:undefined:undefined:undefined:undefined":2,"s:32:2:34:Infinity":5,"b:32:6:32:28:32:28:32:70":3,"s:33:4:33:Infinity":6,"s:36:2:60:Infinity":7,"s:37:21:48:Infinity":8,"b:50:4:52:Infinity:undefined:undefined:undefined:undefined":4,"s:50:4:52:Infinity":9,"s:51:6:51:Infinity":10,"s:54:18:54:Infinity":11,"s:55:4:55:Infinity":12,"s:56:4:56:Infinity":13,"s:57:4:57:Infinity":14,"s:59:4:59:Infinity":15,"f:66:22:66:Infinity":2,"s:70:22:70:Infinity":16,"b:72:2:78:Infinity:undefined:undefined:undefined:undefined":5,"s:72:2:78:Infinity":17,"s:73:4:77:Infinity":18,"s:80:2:160:Infinity":19,"s:81:23:81:Infinity":20,"s:84:27:99:Infinity":21,"b:101:4:104:Infinity:undefined:undefined:undefined:undefined":6,"s:101:4:104:Infinity":22,"s:102:24:102:Infinity":23,"s:103:6:103:Infinity":24,"s:107:26:120:Infinity":25,"b:124:4:152:Infinity:127:11:152:Infinity":7,"s:124:4:152:Infinity":26,"s:125:25:125:Infinity":27,"s:126:6:126:Infinity":28,"s:129:26:139:Infinity":29,"b:141:6:143:Infinity:undefined:undefined:undefined:undefined":8,"s:141:6:143:Infinity":30,"s:142:8:142:Infinity":31,"s:145:25:145:Infinity":32,"b:148:6:150:Infinity:undefined:undefined:undefined:undefined":9,"s:148:6:150:Infinity":33,"s:149:8:149:Infinity":34,"s:151:6:151:Infinity":35,"s:154:4:154:Infinity":36,"s:156:4:159:Infinity":37,"b:158:54:158:68:158:68:158:79":10}}}
,"/Users/dromologue/code/workflowy-mcp-server/src/api/retry.ts": {"path":"/Users/dromologue/code/workflowy-mcp-server/src/api/retry.ts","statementMap":{"0":{"start":{"line":13,"column":4},"end":{"line":13,"column":null}},"1":{"start":{"line":11,"column":11},"end":{"line":11,"column":null}},"2":{"start":{"line":14,"column":4},"end":{"line":14,"column":null}},"3":{"start":{"line":22,"column":16},"end":{"line":25,"column":null}},"4":{"start":{"line":27,"column":2},"end":{"line":27,"column":null}},"5":{"start":{"line":34,"column":2},"end":{"line":34,"column":null}},"6":{"start":{"line":41,"column":2},"end":{"line":41,"column":null}},"7":{"start":{"line":41,"column":34},"end":{"line":41,"column":57}},"8":{"start":{"line":55,"column":2},"end":{"line":89,"column":null}},"9":{"start":{"line":55,"column":21},"end":{"line":55,"column":24}},"10":{"start":{"line":56,"column":4},"end":{"line":88,"column":null}},"11":{"start":{"line":57,"column":6},"end":{"line":57,"column":null}},"12":{"start":{"line":59,"column":6},"end":{"line":59,"column":null}},"13":{"start":{"line":62,"column":6},"end":{"line":87,"column":null}},"14":{"start":{"line":63,"column":8},"end":{"line":66,"column":null}},"15":{"start":{"line":65,"column":10},"end":{"line":65,"column":null}},"16":{"start":{"line":69,"column":8},"end":{"line":76,"column":null}},"17":{"start":{"line":70,"column":24},"end":{"line":70,"column":null}},"18":{"start":{"line":71,"column":22},"end":{"line":71,"column":null}},"19":{"start":{"line":72,"column":10},"end":{"line":74,"column":null}},"20":{"start":{"line":75,"column":10},"end":{"line":75,"column":null}},"21":{"start":{"line":79,"column":8},"end":{"line":86,"column":null}},"22":{"start":{"line":80,"column":24},"end":{"line":80,"column":null}},"23":{"start":{"line":81,"column":22},"end":{"line":81,"column":null}},"24":{"start":{"line":82,"column":10},"end":{"line":84,"column":null}},"25":{"start":{"line":85,"column":10},"end":{"line":85,"column":null}},"26":{"start":{"line":91,"column":2},"end":{"line":91,"column":null}}},"fnMap":{"0":{"name":"(anonymous_0)","decl":{"start":{"line":9,"column":2},"end":{"line":9,"column":null}},"loc":{"start":{"line":12,"column":4},"end":{"line":15,"column":null}},"line":12},"1":{"name":"calculateDelay","decl":{"start":{"line":21,"column":9},"end":{"line":21,"column":24}},"loc":{"start":{"line":21,"column":49},"end":{"line":28,"column":null}},"line":21},"2":{"name":"isRetryable","decl":{"start":{"line":33,"column":9},"end":{"line":33,"column":21}},"loc":{"start":{"line":33,"column":50},"end":{"line":35,"column":null}},"line":33},"3":{"name":"sleep","decl":{"start":{"line":40,"column":9},"end":{"line":40,"column":15}},"loc":{"start":{"line":40,"column":42},"end":{"line":42,"column":null}},"line":40},"4":{"name":"(anonymous_4)","decl":{"start":{"line":41,"column":21},"end":{"line":41,"column":22}},"loc":{"start":{"line":41,"column":34},"end":{"line":41,"column":57}},"line":41},"5":{"name":"withRetry","decl":{"start":{"line":49,"column":22},"end":{"line":49,"column":null}},"loc":{"start":{"line":52,"column":14},"end":{"line":92,"column":null}},"line":52}},"branchMap":{"0":{"loc":{"start":{"line":59,"column":18},"end":{"line":59,"column":null}},"type":"cond-expr","locations":[{"start":{"line":59,"column":43},"end":{"line":59,"column":51}},{"start":{"line":59,"column":51},"end":{"line":59,"column":null}}],"line":59},"1":{"loc":{"start":{"line":62,"column":6},"end":{"line":87,"column":null}},"type":"if","locations":[{"start":{"line":62,"column":6},"end":{"line":87,"column":null}},{"start":{"line":77,"column":13},"end":{"line":87,"column":null}}],"line":62},"2":{"loc":{"start":{"line":63,"column":8},"end":{"line":66,"column":null}},"type":"if","locations":[{"start":{"line":63,"column":8},"end":{"line":66,"column":null}},{"start":{},"end":{}}],"line":63},"3":{"loc":{"start":{"line":69,"column":8},"end":{"line":76,"column":null}},"type":"if","locations":[{"start":{"line":69,"column":8},"end":{"line":76,"column":null}},{"start":{},"end":{}}],"line":69},"4":{"loc":{"start":{"line":71,"column":22},"end":{"line":71,"column":null}},"type":"cond-expr","locations":[{"start":{"line":71,"column":32},"end":{"line":71,"column":50}},{"start":{"line":71,"column":50},"end":{"line":71,"column":null}}],"line":71},"5":{"loc":{"start":{"line":79,"column":8},"end":{"line":86,"column":null}},"type":"if","locations":[{"start":{"line":79,"column":8},"end":{"line":86,"column":null}},{"start":{},"end":{}}],"line":79},"6":{"loc":{"start":{"line":81,"column":22},"end":{"line":81,"column":null}},"type":"cond-expr","locations":[{"start":{"line":81,"column":32},"end":{"line":81,"column":50}},{"start":{"line":81,"column":50},"end":{"line":81,"column":null}}],"line":81},"7":{"loc":{"start":{"line":91,"column":8},"end":{"line":91,"column":null}},"type":"binary-expr","locations":[{"start":{"line":91,"column":8},"end":{"line":91,"column":21}},{"start":{"line":91,"column":21},"end":{"line":91,"column":null}}],"line":91}},"s":{"0":0,"1":0,"2":0,"3":0,"4":0,"5":0,"6":0,"7":0,"8":0,"9":0,"10":0,"11":0,"12":0,"13":0,"14":0,"15":0,"16":0,"17":0,"18":0,"19":0,"20":0,"21":0,"22":0,"23":0,"24":0,"25":0,"26":0},"f":{"0":0,"1":0,"2":0,"3":0,"4":0,"5":0},"b":{"0":[0,0],"1":[0,0],"2":[0,0],"3":[0,0],"4":[0,0],"5":[0,0],"6":[0,0],"7":[0,0]},"meta":{"lastBranch":8,"lastFunction":6,"lastStatement":27,"seen":{"f:9:2:9:Infinity":0,"s:13:4:13:Infinity":0,"s:11:11:11:Infinity":1,"s:14:4:14:Infinity":2,"f:21:9:21:24":1,"s:22:16:25:Infinity":3,"s:27:2:27:Infinity":4,"f:33:9:33:21":2,"s:34:2:34:Infinity":5,"f:40:9:40:15":3,"s:41:2:41:Infinity":6,"f:41:21:41:22":4,"s:41:34:41:57":7,"f:49:22:49:Infinity":5,"s:55:2:89:Infinity":8,"s:55:21:55:24":9,"s:56:4:88:Infinity":10,"s:57:6:57:Infinity":11,"s:59:6:59:Infinity":12,"b:59:43:59:51:59:51:59:Infinity":0,"b:62:6:87:Infinity:77:13:87:Infinity":1,"s:62:6:87:Infinity":13,"b:63:8:66:Infinity:undefined:undefined:undefined:undefined":2,"s:63:8:66:Infinity":14,"s:65:10:65:Infinity":15,"b:69:8:76:Infinity:undefined:undefined:undefined:undefined":3,"s:69:8:76:Infinity":16,"s:70:24:70:Infinity":17,"s:71:22:71:Infinity":18,"b:71:32:71:50:71:50:71:Infinity":4,"s:72:10:74:Infinity":19,"s:75:10:75:Infinity":20,"b:79:8:86:Infinity:undefined:undefined:undefined:undefined":5,"s:79:8:86:Infinity":21,"s:80:24:80:Infinity":22,"s:81:22:81:Infinity":23,"b:81:32:81:50:81:50:81:Infinity":6,"s:82:10:84:Infinity":24,"s:85:10:85:Infinity":25,"s:91:2:91:Infinity":26,"b:91:8:91:21:91:21:91:Infinity":7}}}
,"/Users/dromologue/code/workflowy-mcp-server/src/api/workflowy.ts": {"path":"/Users/dromologue/code/workflowy-mcp-server/src/api/workflowy.ts","statementMap":{"0":{"start":{"line":16,"column":2},"end":{"line":43,"column":null}},"1":{"start":{"line":17,"column":16},"end":{"line":17,"column":null}},"2":{"start":{"line":18,"column":44},"end":{"line":21,"column":null}},"3":{"start":{"line":23,"column":33},"end":{"line":26,"column":null}},"4":{"start":{"line":28,"column":4},"end":{"line":30,"column":null}},"5":{"start":{"line":29,"column":6},"end":{"line":29,"column":null}},"6":{"start":{"line":32,"column":21},"end":{"line":32,"column":null}},"7":{"start":{"line":34,"column":4},"end":{"line":40,"column":null}},"8":{"start":{"line":35,"column":24},"end":{"line":35,"column":null}},"9":{"start":{"line":36,"column":6},"end":{"line":39,"column":null}},"10":{"start":{"line":42,"column":4},"end":{"line":42,"column":null}},"11":{"start":{"line":55,"column":2},"end":{"line":55,"column":null}},"12":{"start":{"line":65,"column":2},"end":{"line":65,"column":null}},"13":{"start":{"line":72,"column":2},"end":{"line":72,"column":null}},"14":{"start":{"line":83,"column":2},"end":{"line":86,"column":null}},"15":{"start":{"line":93,"column":2},"end":{"line":93,"column":null}},"16":{"start":{"line":100,"column":2},"end":{"line":100,"column":null}},"17":{"start":{"line":107,"column":2},"end":{"line":107,"column":null}},"18":{"start":{"line":114,"column":19},"end":{"line":114,"column":null}},"19":{"start":{"line":115,"column":2},"end":{"line":115,"column":null}},"20":{"start":{"line":122,"column":2},"end":{"line":122,"column":null}},"21":{"start":{"line":129,"column":2},"end":{"line":129,"column":null}}},"fnMap":{"0":{"name":"workflowyRequest","decl":{"start":{"line":11,"column":22},"end":{"line":11,"column":null}},"loc":{"start":{"line":15,"column":20},"end":{"line":44,"column":null}},"line":15},"1":{"name":"(anonymous_1)","decl":{"start":{"line":16,"column":19},"end":{"line":16,"column":31}},"loc":{"start":{"line":16,"column":31},"end":{"line":43,"column":5}},"line":16},"2":{"name":"createNode","decl":{"start":{"line":49,"column":22},"end":{"line":49,"column":33}},"loc":{"start":{"line":54,"column":28},"end":{"line":56,"column":null}},"line":54},"3":{"name":"updateNode","decl":{"start":{"line":61,"column":22},"end":{"line":61,"column":null}},"loc":{"start":{"line":64,"column":20},"end":{"line":66,"column":null}},"line":64},"4":{"name":"deleteNode","decl":{"start":{"line":71,"column":22},"end":{"line":71,"column":33}},"loc":{"start":{"line":71,"column":67},"end":{"line":73,"column":null}},"line":71},"5":{"name":"moveNode","decl":{"start":{"line":78,"column":22},"end":{"line":78,"column":null}},"loc":{"start":{"line":82,"column":20},"end":{"line":87,"column":null}},"line":82},"6":{"name":"completeNode","decl":{"start":{"line":92,"column":22},"end":{"line":92,"column":35}},"loc":{"start":{"line":92,"column":69},"end":{"line":94,"column":null}},"line":92},"7":{"name":"uncompleteNode","decl":{"start":{"line":99,"column":22},"end":{"line":99,"column":37}},"loc":{"start":{"line":99,"column":71},"end":{"line":101,"column":null}},"line":99},"8":{"name":"getNode","decl":{"start":{"line":106,"column":22},"end":{"line":106,"column":30}},"loc":{"start":{"line":106,"column":64},"end":{"line":108,"column":null}},"line":106},"9":{"name":"getChildren","decl":{"start":{"line":113,"column":22},"end":{"line":113,"column":34}},"loc":{"start":{"line":113,"column":71},"end":{"line":116,"column":null}},"line":113},"10":{"name":"exportAll","decl":{"start":{"line":121,"column":22},"end":{"line":121,"column":52}},"loc":{"start":{"line":121,"column":52},"end":{"line":123,"column":null}},"line":121},"11":{"name":"getTargets","decl":{"start":{"line":128,"column":22},"end":{"line":128,"column":53}},"loc":{"start":{"line":128,"column":53},"end":{"line":130,"column":null}},"line":128}},"branchMap":{"0":{"loc":{"start":{"line":13,"column":2},"end":{"line":13,"column":null}},"type":"default-arg","locations":[{"start":{"line":13,"column":19},"end":{"line":13,"column":null}}],"line":13},"1":{"loc":{"start":{"line":28,"column":4},"end":{"line":30,"column":null}},"type":"if","locations":[{"start":{"line":28,"column":4},"end":{"line":30,"column":null}},{"start":{},"end":{}}],"line":28},"2":{"loc":{"start":{"line":34,"column":4},"end":{"line":40,"column":null}},"type":"if","locations":[{"start":{"line":34,"column":4},"end":{"line":40,"column":null}},{"start":{},"end":{}}],"line":34},"3":{"loc":{"start":{"line":114,"column":19},"end":{"line":114,"column":null}},"type":"cond-expr","locations":[{"start":{"line":114,"column":30},"end":{"line":114,"column":63}},{"start":{"line":114,"column":63},"end":{"line":114,"column":null}}],"line":114}},"s":{"0":0,"1":0,"2":0,"3":0,"4":0,"5":0,"6":0,"7":0,"8":0,"9":0,"10":0,"11":0,"12":0,"13":0,"14":0,"15":0,"16":0,"17":0,"18":0,"19":0,"20":0,"21":0},"f":{"0":0,"1":0,"2":0,"3":0,"4":0,"5":0,"6":0,"7":0,"8":0,"9":0,"10":0,"11":0},"b":{"0":[0],"1":[0,0],"2":[0,0],"3":[0,0]},"meta":{"lastBranch":4,"lastFunction":12,"lastStatement":22,"seen":{"f:11:22:11:Infinity":0,"b:13:19:13:Infinity":0,"s:16:2:43:Infinity":0,"f:16:19:16:31":1,"s:17:16:17:Infinity":1,"s:18:44:21:Infinity":2,"s:23:33:26:Infinity":3,"b:28:4:30:Infinity:undefined:undefined:undefined:undefined":1,"s:28:4:30:Infinity":4,"s:29:6:29:Infinity":5,"s:32:21:32:Infinity":6,"b:34:4:40:Infinity:undefined:undefined:undefined:undefined":2,"s:34:4:40:Infinity":7,"s:35:24:35:Infinity":8,"s:36:6:39:Infinity":9,"s:42:4:42:Infinity":10,"f:49:22:49:33":2,"s:55:2:55:Infinity":11,"f:61:22:61:Infinity":3,"s:65:2:65:Infinity":12,"f:71:22:71:33":4,"s:72:2:72:Infinity":13,"f:78:22:78:Infinity":5,"s:83:2:86:Infinity":14,"f:92:22:92:35":6,"s:93:2:93:Infinity":15,"f:99:22:99:37":7,"s:100:2:100:Infinity":16,"f:106:22:106:30":8,"s:107:2:107:Infinity":17,"f:113:22:113:34":9,"s:114:19:114:Infinity":18,"b:114:30:114:63:114:63:114:Infinity":3,"s:115:2:115:Infinity":19,"f:121:22:121:52":10,"s:122:2:122:Infinity":20,"f:128:22:128:53":11,"s:129:2:129:Infinity":21}}}
,"/Users/dromologue/code/workflowy-mcp-server/src/config/environment.ts": {"path":"/Users/dromologue/code/workflowy-mcp-server/src/config/environment.ts","statementMap":{"0":{"start":{"line":10,"column":6},"end":{"line":10,"column":null}},"1":{"start":{"line":11,"column":18},"end":{"line":11,"column":null}},"2":{"start":{"line":12,"column":0},"end":{"line":12,"column":null}},"3":{"start":{"line":15,"column":33},"end":{"line":15,"column":null}},"4":{"start":{"line":16,"column":34},"end":{"line":16,"column":null}},"5":{"start":{"line":19,"column":31},"end":{"line":19,"column":null}},"6":{"start":{"line":20,"column":34},"end":{"line":20,"column":null}},"7":{"start":{"line":21,"column":37},"end":{"line":21,"column":null}},"8":{"start":{"line":24,"column":25},"end":{"line":24,"column":null}},"9":{"start":{"line":27,"column":28},"end":{"line":32,"column":null}},"10":{"start":{"line":36,"column":2},"end":{"line":39,"column":null}},"11":{"start":{"line":37,"column":4},"end":{"line":37,"column":null}},"12":{"start":{"line":38,"column":4},"end":{"line":38,"column":null}}},"fnMap":{"0":{"name":"validateConfig","decl":{"start":{"line":35,"column":16},"end":{"line":35,"column":39}},"loc":{"start":{"line":35,"column":39},"end":{"line":40,"column":null}},"line":35}},"branchMap":{"0":{"loc":{"start":{"line":36,"column":2},"end":{"line":39,"column":null}},"type":"if","locations":[{"start":{"line":36,"column":2},"end":{"line":39,"column":null}},{"start":{},"end":{}}],"line":36}},"s":{"0":1,"1":1,"2":1,"3":1,"4":1,"5":1,"6":1,"7":1,"8":1,"9":1,"10":0,"11":0,"12":0},"f":{"0":0},"b":{"0":[0,0]},"meta":{"lastBranch":1,"lastFunction":1,"lastStatement":13,"seen":{"s:10:6:10:Infinity":0,"s:11:18:11:Infinity":1,"s:12:0:12:Infinity":2,"s:15:33:15:Infinity":3,"s:16:34:16:Infinity":4,"s:19:31:19:Infinity":5,"s:20:34:20:Infinity":6,"s:21:37:21:Infinity":7,"s:24:25:24:Infinity":8,"s:27:28:32:Infinity":9,"f:35:16:35:39":0,"b:36:2:39:Infinity:undefined:undefined:undefined:undefined":0,"s:36:2:39:Infinity":10,"s:37:4:37:Infinity":11,"s:38:4:38:Infinity":12}}}
,"/Users/dromologue/code/workflowy-mcp-server/src/types/index.ts": {"path":"/Users/dromologue/code/workflowy-mcp-server/src/types/index.ts","statementMap":{},"fnMap":{},"branchMap":{},"s":{},"f":{},"b":{},"meta":{"lastBranch":0,"lastFunction":0,"lastStatement":0,"seen":{}}}
,"/Users/dromologue/code/workflowy-mcp-server/src/utils/cache.ts": {"path":"/Users/dromologue/code/workflowy-mcp-server/src/utils/cache.ts","statementMap":{"0":{"start":{"line":9,"column":42},"end":{"line":9,"column":null}},"1":{"start":{"line":12,"column":29},"end":{"line":12,"column":null}},"2":{"start":{"line":18,"column":2},"end":{"line":18,"column":null}},"3":{"start":{"line":25,"column":2},"end":{"line":27,"column":null}},"4":{"start":{"line":26,"column":4},"end":{"line":26,"column":null}},"5":{"start":{"line":28,"column":2},"end":{"line":28,"column":null}},"6":{"start":{"line":35,"column":2},"end":{"line":35,"column":null}},"7":{"start":{"line":36,"column":2},"end":{"line":36,"column":null}},"8":{"start":{"line":43,"column":2},"end":{"line":43,"column":null}},"9":{"start":{"line":44,"column":2},"end":{"line":44,"column":null}},"10":{"start":{"line":51,"column":2},"end":{"line":51,"column":null}},"11":{"start":{"line":51,"column":20},"end":{"line":51,"column":null}},"12":{"start":{"line":52,"column":2},"end":{"line":52,"column":null}}},"fnMap":{"0":{"name":"isCacheValid","decl":{"start":{"line":17,"column":16},"end":{"line":17,"column":40}},"loc":{"start":{"line":17,"column":40},"end":{"line":19,"column":null}},"line":17},"1":{"name":"getCachedNodesIfValid","decl":{"start":{"line":24,"column":16},"end":{"line":24,"column":64}},"loc":{"start":{"line":24,"column":64},"end":{"line":29,"column":null}},"line":24},"2":{"name":"updateCache","decl":{"start":{"line":34,"column":16},"end":{"line":34,"column":28}},"loc":{"start":{"line":34,"column":58},"end":{"line":37,"column":null}},"line":34},"3":{"name":"invalidateCache","decl":{"start":{"line":42,"column":16},"end":{"line":42,"column":40}},"loc":{"start":{"line":42,"column":40},"end":{"line":45,"column":null}},"line":42},"4":{"name":"getCacheAge","decl":{"start":{"line":50,"column":16},"end":{"line":50,"column":38}},"loc":{"start":{"line":50,"column":38},"end":{"line":53,"column":null}},"line":50}},"branchMap":{"0":{"loc":{"start":{"line":18,"column":9},"end":{"line":18,"column":null}},"type":"binary-expr","locations":[{"start":{"line":18,"column":9},"end":{"line":18,"column":33}},{"start":{"line":18,"column":33},"end":{"line":18,"column":null}}],"line":18},"1":{"loc":{"start":{"line":25,"column":2},"end":{"line":27,"column":null}},"type":"if","locations":[{"start":{"line":25,"column":2},"end":{"line":27,"column":null}},{"start":{},"end":{}}],"line":25},"2":{"loc":{"start":{"line":51,"column":2},"end":{"line":51,"column":null}},"type":"if","locations":[{"start":{"line":51,"column":2},"end":{"line":51,"column":null}},{"start":{},"end":{}}],"line":51}},"s":{"0":1,"1":1,"2":11,"3":6,"4":3,"5":3,"6":10,"7":10,"8":16,"9":16,"10":4,"11":1,"12":3},"f":{"0":11,"1":6,"2":10,"3":16,"4":4},"b":{"0":[11,6],"1":[3,3],"2":[1,3]},"meta":{"lastBranch":3,"lastFunction":5,"lastStatement":13,"seen":{"s:9:42:9:Infinity":0,"s:12:29:12:Infinity":1,"f:17:16:17:40":0,"s:18:2:18:Infinity":2,"b:18:9:18:33:18:33:18:Infinity":0,"f:24:16:24:64":1,"b:25:2:27:Infinity:undefined:undefined:undefined:undefined":1,"s:25:2:27:Infinity":3,"s:26:4:26:Infinity":4,"s:28:2:28:Infinity":5,"f:34:16:34:28":2,"s:35:2:35:Infinity":6,"s:36:2:36:Infinity":7,"f:42:16:42:40":3,"s:43:2:43:Infinity":8,"s:44:2:44:Infinity":9,"f:50:16:50:38":4,"b:51:2:51:Infinity:undefined:undefined:undefined:undefined":2,"s:51:2:51:Infinity":10,"s:51:20:51:Infinity":11,"s:52:2:52:Infinity":12}}}
,"/Users/dromologue/code/workflowy-mcp-server/src/utils/keyword-extraction.ts": {"path":"/Users/dromologue/code/workflowy-mcp-server/src/utils/keyword-extraction.ts","statementMap":{"0":{"start":{"line":8,"column":26},"end":{"line":25,"column":null}},"1":{"start":{"line":32,"column":2},"end":{"line":32,"column":null}},"2":{"start":{"line":32,"column":13},"end":{"line":32,"column":null}},"3":{"start":{"line":35,"column":21},"end":{"line":39,"column":null}},"4":{"start":{"line":42,"column":16},"end":{"line":42,"column":null}},"5":{"start":{"line":45,"column":29},"end":{"line":45,"column":null}},"6":{"start":{"line":46,"column":15},"end":{"line":46,"column":null}},"7":{"start":{"line":48,"column":2},"end":{"line":59,"column":null}},"8":{"start":{"line":50,"column":4},"end":{"line":50,"column":null}},"9":{"start":{"line":50,"column":25},"end":{"line":50,"column":null}},"10":{"start":{"line":51,"column":4},"end":{"line":51,"column":null}},"11":{"start":{"line":51,"column":30},"end":{"line":51,"column":null}},"12":{"start":{"line":52,"column":4},"end":{"line":52,"column":null}},"13":{"start":{"line":52,"column":24},"end":{"line":52,"column":null}},"14":{"start":{"line":55,"column":4},"end":{"line":55,"column":null}},"15":{"start":{"line":55,"column":28},"end":{"line":55,"column":null}},"16":{"start":{"line":57,"column":4},"end":{"line":57,"column":null}},"17":{"start":{"line":58,"column":4},"end":{"line":58,"column":null}},"18":{"start":{"line":61,"column":2},"end":{"line":61,"column":null}},"19":{"start":{"line":74,"column":2},"end":{"line":74,"column":null}},"20":{"start":{"line":74,"column":32},"end":{"line":74,"column":null}},"21":{"start":{"line":76,"column":19},"end":{"line":76,"column":null}},"22":{"start":{"line":77,"column":14},"end":{"line":77,"column":null}},"23":{"start":{"line":79,"column":2},"end":{"line":91,"column":null}},"24":{"start":{"line":81,"column":18},"end":{"line":81,"column":null}},"25":{"start":{"line":82,"column":20},"end":{"line":82,"column":null}},"26":{"start":{"line":83,"column":4},"end":{"line":90,"column":null}},"27":{"start":{"line":85,"column":12},"end":{"line":85,"column":null}},"28":{"start":{"line":86,"column":6},"end":{"line":86,"column":null}},"29":{"start":{"line":87,"column":6},"end":{"line":89,"column":null}},"30":{"start":{"line":88,"column":8},"end":{"line":88,"column":null}},"31":{"start":{"line":93,"column":2},"end":{"line":93,"column":null}},"32":{"start":{"line":103,"column":19},"end":{"line":103,"column":null}},"33":{"start":{"line":104,"column":2},"end":{"line":106,"column":null}},"34":{"start":{"line":105,"column":4},"end":{"line":105,"column":null}}},"fnMap":{"0":{"name":"extractKeywords","decl":{"start":{"line":31,"column":16},"end":{"line":31,"column":32}},"loc":{"start":{"line":31,"column":56},"end":{"line":62,"column":null}},"line":31},"1":{"name":"calculateRelevance","decl":{"start":{"line":68,"column":16},"end":{"line":68,"column":null}},"loc":{"start":{"line":72,"column":10},"end":{"line":94,"column":null}},"line":72},"2":{"name":"findMatchedKeywords","decl":{"start":{"line":99,"column":16},"end":{"line":99,"column":null}},"loc":{"start":{"line":102,"column":12},"end":{"line":107,"column":null}},"line":102},"3":{"name":"(anonymous_3)","decl":{"start":{"line":104,"column":25},"end":{"line":104,"column":26}},"loc":{"start":{"line":105,"column":4},"end":{"line":105,"column":null}},"line":105}},"branchMap":{"0":{"loc":{"start":{"line":32,"column":2},"end":{"line":32,"column":null}},"type":"if","locations":[{"start":{"line":32,"column":2},"end":{"line":32,"column":null}},{"start":{},"end":{}}],"line":32},"1":{"loc":{"start":{"line":50,"column":4},"end":{"line":50,"column":null}},"type":"if","locations":[{"start":{"line":50,"column":4},"end":{"line":50,"column":null}},{"start":{},"end":{}}],"line":50},"2":{"loc":{"start":{"line":51,"column":4},"end":{"line":51,"column":null}},"type":"if","locations":[{"start":{"line":51,"column":4},"end":{"line":51,"column":null}},{"start":{},"end":{}}],"line":51},"3":{"loc":{"start":{"line":52,"column":4},"end":{"line":52,"column":null}},"type":"if","locations":[{"start":{"line":52,"column":4},"end":{"line":52,"column":null}},{"start":{},"end":{}}],"line":52},"4":{"loc":{"start":{"line":55,"column":4},"end":{"line":55,"column":null}},"type":"if","locations":[{"start":{"line":55,"column":4},"end":{"line":55,"column":null}},{"start":{},"end":{}}],"line":55},"5":{"loc":{"start":{"line":74,"column":2},"end":{"line":74,"column":null}},"type":"if","locations":[{"start":{"line":74,"column":2},"end":{"line":74,"column":null}},{"start":{},"end":{}}],"line":74},"6":{"loc":{"start":{"line":76,"column":22},"end":{"line":76,"column":37}},"type":"binary-expr","locations":[{"start":{"line":76,"column":22},"end":{"line":76,"column":35}},{"start":{"line":76,"column":35},"end":{"line":76,"column":37}}],"line":76},"7":{"loc":{"start":{"line":76,"column":41},"end":{"line":76,"column":56}},"type":"binary-expr","locations":[{"start":{"line":76,"column":41},"end":{"line":76,"column":54}},{"start":{"line":76,"column":54},"end":{"line":76,"column":56}}],"line":76},"8":{"loc":{"start":{"line":83,"column":4},"end":{"line":90,"column":null}},"type":"if","locations":[{"start":{"line":83,"column":4},"end":{"line":90,"column":null}},{"start":{},"end":{}}],"line":83},"9":{"loc":{"start":{"line":85,"column":28},"end":{"line":85,"column":45}},"type":"binary-expr","locations":[{"start":{"line":85,"column":28},"end":{"line":85,"column":41}},{"start":{"line":85,"column":41},"end":{"line":85,"column":45}}],"line":85},"10":{"loc":{"start":{"line":87,"column":6},"end":{"line":89,"column":null}},"type":"if","locations":[{"start":{"line":87,"column":6},"end":{"line":89,"column":null}},{"start":{},"end":{}}],"line":87},"11":{"loc":{"start":{"line":103,"column":22},"end":{"line":103,"column":37}},"type":"binary-expr","locations":[{"start":{"line":103,"column":22},"end":{"line":103,"column":35}},{"start":{"line":103,"column":35},"end":{"line":103,"column":37}}],"line":103},"12":{"loc":{"start":{"line":103,"column":41},"end":{"line":103,"column":56}},"type":"binary-expr","locations":[{"start":{"line":103,"column":41},"end":{"line":103,"column":54}},{"start":{"line":103,"column":54},"end":{"line":103,"column":56}}],"line":103}},"s":{"0":1,"1":8,"2":2,"3":6,"4":6,"5":6,"6":6,"7":6,"8":42,"9":7,"10":35,"11":6,"12":29,"13":3,"14":26,"15":2,"16":24,"17":24,"18":6,"19":7,"20":1,"21":6,"22":7,"23":7,"24":12,"25":12,"26":12,"27":10,"28":10,"29":10,"30":6,"31":6,"32":3,"33":3,"34":8},"f":{"0":8,"1":7,"2":3,"3":8},"b":{"0":[2,6],"1":[7,35],"2":[6,29],"3":[3,26],"4":[2,24],"5":[1,6],"6":[6,0],"7":[7,3],"8":[10,2],"9":[10,0],"10":[6,4],"11":[3,0],"12":[3,2]},"meta":{"lastBranch":13,"lastFunction":4,"lastStatement":35,"seen":{"s:8:26:25:Infinity":0,"f:31:16:31:32":0,"b:32:2:32:Infinity:undefined:undefined:undefined:undefined":0,"s:32:2:32:Infinity":1,"s:32:13:32:Infinity":2,"s:35:21:39:Infinity":3,"s:42:16:42:Infinity":4,"s:45:29:45:Infinity":5,"s:46:15:46:Infinity":6,"s:48:2:59:Infinity":7,"b:50:4:50:Infinity:undefined:undefined:undefined:undefined":1,"s:50:4:50:Infinity":8,"s:50:25:50:Infinity":9,"b:51:4:51:Infinity:undefined:undefined:undefined:undefined":2,"s:51:4:51:Infinity":10,"s:51:30:51:Infinity":11,"b:52:4:52:Infinity:undefined:undefined:undefined:undefined":3,"s:52:4:52:Infinity":12,"s:52:24:52:Infinity":13,"b:55:4:55:Infinity:undefined:undefined:undefined:undefined":4,"s:55:4:55:Infinity":14,"s:55:28:55:Infinity":15,"s:57:4:57:Infinity":16,"s:58:4:58:Infinity":17,"s:61:2:61:Infinity":18,"f:68:16:68:Infinity":1,"b:74:2:74:Infinity:undefined:undefined:undefined:undefined":5,"s:74:2:74:Infinity":19,"s:74:32:74:Infinity":20,"s:76:19:76:Infinity":21,"b:76:22:76:35:76:35:76:37":6,"b:76:41:76:54:76:54:76:56":7,"s:77:14:77:Infinity":22,"s:79:2:91:Infinity":23,"s:81:18:81:Infinity":24,"s:82:20:82:Infinity":25,"b:83:4:90:Infinity:undefined:undefined:undefined:undefined":8,"s:83:4:90:Infinity":26,"s:85:12:85:Infinity":27,"b:85:28:85:41:85:41:85:45":9,"s:86:6:86:Infinity":28,"b:87:6:89:Infinity:undefined:undefined:undefined:undefined":10,"s:87:6:89:Infinity":29,"s:88:8:88:Infinity":30,"s:93:2:93:Infinity":31,"f:99:16:99:Infinity":2,"s:103:19:103:Infinity":32,"b:103:22:103:35:103:35:103:37":11,"b:103:41:103:54:103:54:103:56":12,"s:104:2:106:Infinity":33,"f:104:25:104:26":3,"s:105:4:105:Infinity":34}}}
,"/Users/dromologue/code/workflowy-mcp-server/src/utils/node-paths.ts": {"path":"/Users/dromologue/code/workflowy-mcp-server/src/utils/node-paths.ts","statementMap":{"0":{"start":{"line":12,"column":18},"end":{"line":12,"column":null}},"1":{"start":{"line":13,"column":2},"end":{"line":13,"column":null}},"2":{"start":{"line":13,"column":26},"end":{"line":13,"column":52}},"3":{"start":{"line":18,"column":28},"end":{"line":18,"column":null}},"4":{"start":{"line":19,"column":45},"end":{"line":19,"column":null}},"5":{"start":{"line":20,"column":23},"end":{"line":20,"column":null}},"6":{"start":{"line":22,"column":4},"end":{"line":31,"column":null}},"7":{"start":{"line":23,"column":26},"end":{"line":23,"column":null}},"8":{"start":{"line":24,"column":6},"end":{"line":24,"column":null}},"9":{"start":{"line":25,"column":6},"end":{"line":25,"column":null}},"10":{"start":{"line":26,"column":6},"end":{"line":30,"column":null}},"11":{"start":{"line":27,"column":8},"end":{"line":27,"column":null}},"12":{"start":{"line":29,"column":8},"end":{"line":29,"column":null}},"13":{"start":{"line":33,"column":4},"end":{"line":33,"column":null}},"14":{"start":{"line":36,"column":2},"end":{"line":39,"column":null}},"15":{"start":{"line":37,"column":28},"end":{"line":37,"column":null}},"16":{"start":{"line":38,"column":4},"end":{"line":38,"column":null}},"17":{"start":{"line":49,"column":18},"end":{"line":49,"column":null}},"18":{"start":{"line":50,"column":2},"end":{"line":50,"column":null}},"19":{"start":{"line":50,"column":26},"end":{"line":50,"column":46}},"20":{"start":{"line":52,"column":26},"end":{"line":52,"column":null}},"21":{"start":{"line":53,"column":43},"end":{"line":53,"column":null}},"22":{"start":{"line":55,"column":2},"end":{"line":63,"column":null}},"23":{"start":{"line":56,"column":24},"end":{"line":56,"column":null}},"24":{"start":{"line":57,"column":4},"end":{"line":57,"column":null}},"25":{"start":{"line":58,"column":4},"end":{"line":62,"column":null}},"26":{"start":{"line":59,"column":6},"end":{"line":59,"column":null}},"27":{"start":{"line":61,"column":6},"end":{"line":61,"column":null}},"28":{"start":{"line":65,"column":2},"end":{"line":65,"column":null}}},"fnMap":{"0":{"name":"buildNodePaths","decl":{"start":{"line":11,"column":16},"end":{"line":11,"column":31}},"loc":{"start":{"line":11,"column":71},"end":{"line":40,"column":null}},"line":11},"1":{"name":"(anonymous_1)","decl":{"start":{"line":13,"column":16},"end":{"line":13,"column":17}},"loc":{"start":{"line":13,"column":26},"end":{"line":13,"column":52}},"line":13},"2":{"name":"getPath","decl":{"start":{"line":15,"column":11},"end":{"line":15,"column":null}},"loc":{"start":{"line":17,"column":37},"end":{"line":34,"column":null}},"line":17},"3":{"name":"(anonymous_3)","decl":{"start":{"line":36,"column":19},"end":{"line":36,"column":20}},"loc":{"start":{"line":36,"column":29},"end":{"line":39,"column":3}},"line":36},"4":{"name":"getNodePath","decl":{"start":{"line":45,"column":16},"end":{"line":45,"column":null}},"loc":{"start":{"line":48,"column":10},"end":{"line":66,"column":null}},"line":48},"5":{"name":"(anonymous_5)","decl":{"start":{"line":50,"column":19},"end":{"line":50,"column":20}},"loc":{"start":{"line":50,"column":26},"end":{"line":50,"column":46}},"line":50}},"branchMap":{"0":{"loc":{"start":{"line":23,"column":26},"end":{"line":23,"column":null}},"type":"binary-expr","locations":[{"start":{"line":23,"column":26},"end":{"line":23,"column":60}},{"start":{"line":23,"column":60},"end":{"line":23,"column":null}}],"line":23},"1":{"loc":{"start":{"line":26,"column":6},"end":{"line":30,"column":null}},"type":"if","locations":[{"start":{"line":26,"column":6},"end":{"line":30,"column":null}},{"start":{"line":28,"column":13},"end":{"line":30,"column":null}}],"line":26},"2":{"loc":{"start":{"line":56,"column":24},"end":{"line":56,"column":null}},"type":"binary-expr","locations":[{"start":{"line":56,"column":24},"end":{"line":56,"column":58}},{"start":{"line":56,"column":58},"end":{"line":56,"column":null}}],"line":56},"3":{"loc":{"start":{"line":58,"column":4},"end":{"line":62,"column":null}},"type":"if","locations":[{"start":{"line":58,"column":4},"end":{"line":62,"column":null}},{"start":{"line":60,"column":11},"end":{"line":62,"column":null}}],"line":58}},"s":{"0":0,"1":0,"2":0,"3":0,"4":0,"5":0,"6":0,"7":0,"8":0,"9":0,"10":0,"11":0,"12":0,"13":0,"14":0,"15":0,"16":0,"17":0,"18":0,"19":0,"20":0,"21":0,"22":0,"23":0,"24":0,"25":0,"26":0,"27":0,"28":0},"f":{"0":0,"1":0,"2":0,"3":0,"4":0,"5":0},"b":{"0":[0,0],"1":[0,0],"2":[0,0],"3":[0,0]},"meta":{"lastBranch":4,"lastFunction":6,"lastStatement":29,"seen":{"f:11:16:11:31":0,"s:12:18:12:Infinity":0,"s:13:2:13:Infinity":1,"f:13:16:13:17":1,"s:13:26:13:52":2,"f:15:11:15:Infinity":2,"s:18:28:18:Infinity":3,"s:19:45:19:Infinity":4,"s:20:23:20:Infinity":5,"s:22:4:31:Infinity":6,"s:23:26:23:Infinity":7,"b:23:26:23:60:23:60:23:Infinity":0,"s:24:6:24:Infinity":8,"s:25:6:25:Infinity":9,"b:26:6:30:Infinity:28:13:30:Infinity":1,"s:26:6:30:Infinity":10,"s:27:8:27:Infinity":11,"s:29:8:29:Infinity":12,"s:33:4:33:Infinity":13,"s:36:2:39:Infinity":14,"f:36:19:36:20":3,"s:37:28:37:Infinity":15,"s:38:4:38:Infinity":16,"f:45:16:45:Infinity":4,"s:49:18:49:Infinity":17,"s:50:2:50:Infinity":18,"f:50:19:50:20":5,"s:50:26:50:46":19,"s:52:26:52:Infinity":20,"s:53:43:53:Infinity":21,"s:55:2:63:Infinity":22,"s:56:24:56:Infinity":23,"b:56:24:56:58:56:58:56:Infinity":2,"s:57:4:57:Infinity":24,"b:58:4:62:Infinity:60:11:62:Infinity":3,"s:58:4:62:Infinity":25,"s:59:6:59:Infinity":26,"s:61:6:61:Infinity":27,"s:65:2:65:Infinity":28}}}
,"/Users/dromologue/code/workflowy-mcp-server/src/utils/text-processing.ts": {"path":"/Users/dromologue/code/workflowy-mcp-server/src/utils/text-processing.ts","statementMap":{"0":{"start":{"line":12,"column":16},"end":{"line":12,"column":null}},"1":{"start":{"line":13,"column":31},"end":{"line":13,"column":null}},"2":{"start":{"line":15,"column":2},"end":{"line":30,"column":null}},"3":{"start":{"line":17,"column":4},"end":{"line":17,"column":null}},"4":{"start":{"line":17,"column":22},"end":{"line":17,"column":null}},"5":{"start":{"line":20,"column":18},"end":{"line":20,"column":null}},"6":{"start":{"line":21,"column":23},"end":{"line":21,"column":null}},"7":{"start":{"line":23,"column":33},"end":{"line":23,"column":null}},"8":{"start":{"line":24,"column":19},"end":{"line":24,"column":null}},"9":{"start":{"line":26,"column":4},"end":{"line":29,"column":null}},"10":{"start":{"line":32,"column":2},"end":{"line":32,"column":null}},"11":{"start":{"line":39,"column":2},"end":{"line":41,"column":null}},"12":{"start":{"line":40,"column":4},"end":{"line":40,"column":null}},"13":{"start":{"line":43,"column":16},"end":{"line":46,"column":null}},"14":{"start":{"line":44,"column":17},"end":{"line":44,"column":null}},"15":{"start":{"line":45,"column":4},"end":{"line":45,"column":null}},"16":{"start":{"line":48,"column":2},"end":{"line":48,"column":null}},"17":{"start":{"line":55,"column":2},"end":{"line":59,"column":null}},"18":{"start":{"line":66,"column":8},"end":{"line":66,"column":null}},"19":{"start":{"line":67,"column":2},"end":{"line":67,"column":null}}},"fnMap":{"0":{"name":"parseIndentedContent","decl":{"start":{"line":11,"column":16},"end":{"line":11,"column":37}},"loc":{"start":{"line":11,"column":68},"end":{"line":33,"column":null}},"line":11},"1":{"name":"formatNodesForSelection","decl":{"start":{"line":38,"column":16},"end":{"line":38,"column":40}},"loc":{"start":{"line":38,"column":71},"end":{"line":49,"column":null}},"line":38},"2":{"name":"(anonymous_2)","decl":{"start":{"line":43,"column":26},"end":{"line":43,"column":27}},"loc":{"start":{"line":43,"column":43},"end":{"line":46,"column":3}},"line":43},"3":{"name":"escapeForDot","decl":{"start":{"line":54,"column":16},"end":{"line":54,"column":29}},"loc":{"start":{"line":54,"column":50},"end":{"line":60,"column":null}},"line":54},"4":{"name":"generateWorkflowyLink","decl":{"start":{"line":65,"column":16},"end":{"line":65,"column":38}},"loc":{"start":{"line":65,"column":80},"end":{"line":68,"column":null}},"line":65}},"branchMap":{"0":{"loc":{"start":{"line":17,"column":4},"end":{"line":17,"column":null}},"type":"if","locations":[{"start":{"line":17,"column":4},"end":{"line":17,"column":null}},{"start":{},"end":{}}],"line":17},"1":{"loc":{"start":{"line":21,"column":23},"end":{"line":21,"column":null}},"type":"cond-expr","locations":[{"start":{"line":21,"column":31},"end":{"line":21,"column":42}},{"start":{"line":21,"column":42},"end":{"line":21,"column":null}}],"line":21},"2":{"loc":{"start":{"line":39,"column":2},"end":{"line":41,"column":null}},"type":"if","locations":[{"start":{"line":39,"column":2},"end":{"line":41,"column":null}},{"start":{},"end":{}}],"line":39},"3":{"loc":{"start":{"line":44,"column":17},"end":{"line":44,"column":null}},"type":"cond-expr","locations":[{"start":{"line":44,"column":29},"end":{"line":44,"column":75}},{"start":{"line":44,"column":75},"end":{"line":44,"column":null}}],"line":44},"4":{"loc":{"start":{"line":66,"column":21},"end":{"line":66,"column":45}},"type":"binary-expr","locations":[{"start":{"line":66,"column":21},"end":{"line":66,"column":33}},{"start":{"line":66,"column":33},"end":{"line":66,"column":45}}],"line":66}},"s":{"0":6,"1":6,"2":6,"3":29,"4":2,"5":27,"6":27,"7":29,"8":29,"9":29,"10":6,"11":3,"12":1,"13":2,"14":2,"15":2,"16":2,"17":4,"18":3,"19":3},"f":{"0":6,"1":3,"2":2,"3":4,"4":3},"b":{"0":[2,27],"1":[27,0],"2":[1,2],"3":[1,1],"4":[3,1]},"meta":{"lastBranch":5,"lastFunction":5,"lastStatement":20,"seen":{"f:11:16:11:37":0,"s:12:16:12:Infinity":0,"s:13:31:13:Infinity":1,"s:15:2:30:Infinity":2,"b:17:4:17:Infinity:undefined:undefined:undefined:undefined":0,"s:17:4:17:Infinity":3,"s:17:22:17:Infinity":4,"s:20:18:20:Infinity":5,"s:21:23:21:Infinity":6,"b:21:31:21:42:21:42:21:Infinity":1,"s:23:33:23:Infinity":7,"s:24:19:24:Infinity":8,"s:26:4:29:Infinity":9,"s:32:2:32:Infinity":10,"f:38:16:38:40":1,"b:39:2:41:Infinity:undefined:undefined:undefined:undefined":2,"s:39:2:41:Infinity":11,"s:40:4:40:Infinity":12,"s:43:16:46:Infinity":13,"f:43:26:43:27":2,"s:44:17:44:Infinity":14,"b:44:29:44:75:44:75:44:Infinity":3,"s:45:4:45:Infinity":15,"s:48:2:48:Infinity":16,"f:54:16:54:29":3,"s:55:2:59:Infinity":17,"f:65:16:65:38":4,"s:66:8:66:Infinity":18,"b:66:21:66:33:66:33:66:45":4,"s:67:2:67:Infinity":19}}}
}
